2023-03-01 10:35:46.201 INFO   -com.challenge.config.ConfigPage.setup(ConfigPage.java:25) com.challenge.config.ConfigPage - -------------------
2023-03-01 10:35:46.236 INFO   -com.challenge.config.ConfigPage.setup(ConfigPage.java:26) com.challenge.config.ConfigPage - Start Configuration
2023-03-01 10:41:50.490 INFO   -com.challenge.config.ConfigPage.setup(ConfigPage.java:26) com.challenge.config.ConfigPage - -------------------
2023-03-01 10:41:50.495 INFO   -com.challenge.config.ConfigPage.setup(ConfigPage.java:27) com.challenge.config.ConfigPage - Start Configuration
2023-03-01 10:42:10.054 INFO   -com.challenge.process.CreatePetProcess.sendPost(CreatePetProcess.java:37) com.challenge.process.CreatePetProcess - Response Post: {"id":6549,"category":{"id":0,"name":"dogs"},"name":"doggie","photoUrls":["string"],"tags":[{"id":0,"name":"dog"}],"status":"available"}
2023-03-01 10:42:10.534 INFO   -com.challenge.process.CreatePetProcess.sendPost(CreatePetProcess.java:38) com.challenge.process.CreatePetProcess - Status Code and Schema Response OK
2023-03-01 10:43:14.280 INFO   -com.challenge.config.ConfigPage.setup(ConfigPage.java:26) com.challenge.config.ConfigPage - -------------------
2023-03-01 10:43:14.286 INFO   -com.challenge.config.ConfigPage.setup(ConfigPage.java:27) com.challenge.config.ConfigPage - Start Configuration
2023-03-01 10:43:14.321 INFO   -com.challenge.config.ConfigPage.setup(ConfigPage.java:26) com.challenge.config.ConfigPage - -------------------
2023-03-01 10:43:14.322 INFO   -com.challenge.config.ConfigPage.setup(ConfigPage.java:27) com.challenge.config.ConfigPage - Start Configuration
2023-03-01 10:43:16.501 INFO   -com.challenge.config.ConfigPage.setup(ConfigPage.java:26) com.challenge.config.ConfigPage - -------------------
2023-03-01 10:43:16.502 INFO   -com.challenge.config.ConfigPage.setup(ConfigPage.java:27) com.challenge.config.ConfigPage - Start Configuration
2023-03-01 10:43:20.764 INFO   -com.challenge.process.CreatePetProcess.sendPost(CreatePetProcess.java:37) com.challenge.process.CreatePetProcess - Response Post: {"id":7321,"category":{"id":0,"name":"dogs"},"name":"doggie","photoUrls":["string"],"tags":[{"id":0,"name":"dog"}],"status":"available"}
2023-03-01 10:43:20.765 INFO   -com.challenge.process.CreatePetProcess.sendPost(CreatePetProcess.java:38) com.challenge.process.CreatePetProcess - Status Code and Schema Response OK
2023-03-01 10:43:20.911 INFO   -com.challenge.config.ConfigPage.setup(ConfigPage.java:26) com.challenge.config.ConfigPage - -------------------
2023-03-01 10:43:20.911 INFO   -com.challenge.config.ConfigPage.setup(ConfigPage.java:27) com.challenge.config.ConfigPage - Start Configuration
2023-03-01 10:43:22.227 INFO   -com.challenge.config.ConfigPage.setup(ConfigPage.java:26) com.challenge.config.ConfigPage - -------------------
2023-03-01 10:43:22.230 INFO   -com.challenge.config.ConfigPage.setup(ConfigPage.java:27) com.challenge.config.ConfigPage - Start Configuration
2023-03-01 10:43:23.186 INFO   -com.challenge.process.UpdatePetProcess.sendPut(UpdatePetProcess.java:37) com.challenge.process.UpdatePetProcess - Response Update: {"id":7321,"category":{"id":0,"name":"doggy"},"name":"puppy","photoUrls":["string"],"tags":[{"id":0,"name":"doggy"}],"status":"available"}
2023-03-01 10:43:23.187 INFO   -com.challenge.process.UpdatePetProcess.sendPut(UpdatePetProcess.java:38) com.challenge.process.UpdatePetProcess - Status Code and Schema Response OK
2023-03-01 10:43:48.542 INFO   -com.challenge.config.ConfigPage.setup(ConfigPage.java:26) com.challenge.config.ConfigPage - -------------------
2023-03-01 10:43:48.548 INFO   -com.challenge.config.ConfigPage.setup(ConfigPage.java:27) com.challenge.config.ConfigPage - Start Configuration
2023-03-01 10:43:48.588 INFO   -com.challenge.config.ConfigPage.setup(ConfigPage.java:26) com.challenge.config.ConfigPage - -------------------
2023-03-01 10:43:48.589 INFO   -com.challenge.config.ConfigPage.setup(ConfigPage.java:27) com.challenge.config.ConfigPage - Start Configuration
2023-03-01 10:43:50.960 INFO   -com.challenge.config.ConfigPage.setup(ConfigPage.java:26) com.challenge.config.ConfigPage - -------------------
2023-03-01 10:43:50.960 INFO   -com.challenge.config.ConfigPage.setup(ConfigPage.java:27) com.challenge.config.ConfigPage - Start Configuration
2023-03-01 10:43:55.704 INFO   -com.challenge.process.CreatePetProcess.sendPost(CreatePetProcess.java:37) com.challenge.process.CreatePetProcess - Response Post: {"id":7647,"category":{"id":0,"name":"dogs"},"name":"doggie","photoUrls":["string"],"tags":[{"id":0,"name":"dog"}],"status":"available"}
2023-03-01 10:43:55.704 INFO   -com.challenge.process.CreatePetProcess.sendPost(CreatePetProcess.java:38) com.challenge.process.CreatePetProcess - Status Code and Schema Response OK
2023-03-01 10:43:55.897 INFO   -com.challenge.config.ConfigPage.setup(ConfigPage.java:26) com.challenge.config.ConfigPage - -------------------
2023-03-01 10:43:55.900 INFO   -com.challenge.config.ConfigPage.setup(ConfigPage.java:27) com.challenge.config.ConfigPage - Start Configuration
2023-03-01 10:43:57.342 INFO   -com.challenge.config.ConfigPage.setup(ConfigPage.java:26) com.challenge.config.ConfigPage - -------------------
2023-03-01 10:43:57.343 INFO   -com.challenge.config.ConfigPage.setup(ConfigPage.java:27) com.challenge.config.ConfigPage - Start Configuration
2023-03-01 10:43:58.328 INFO   -com.challenge.process.UpdatePetProcess.sendPut(UpdatePetProcess.java:37) com.challenge.process.UpdatePetProcess - Response Update: {"id":7647,"category":{"id":0,"name":"doggy"},"name":"puppy","photoUrls":["string"],"tags":[{"id":0,"name":"doggy"}],"status":"available"}
2023-03-01 10:43:58.329 INFO   -com.challenge.process.UpdatePetProcess.sendPut(UpdatePetProcess.java:38) com.challenge.process.UpdatePetProcess - Status Code and Schema Response OK
2023-03-01 10:45:57.448 INFO   -com.challenge.config.ConfigPage.setup(ConfigPage.java:26) com.challenge.config.ConfigPage - -------------------
2023-03-01 10:45:57.455 INFO   -com.challenge.config.ConfigPage.setup(ConfigPage.java:27) com.challenge.config.ConfigPage - Start Configuration
2023-03-01 10:45:57.496 INFO   -com.challenge.config.ConfigPage.setup(ConfigPage.java:26) com.challenge.config.ConfigPage - -------------------
2023-03-01 10:45:57.497 INFO   -com.challenge.config.ConfigPage.setup(ConfigPage.java:27) com.challenge.config.ConfigPage - Start Configuration
2023-03-01 10:46:00.030 INFO   -com.challenge.config.ConfigPage.setup(ConfigPage.java:26) com.challenge.config.ConfigPage - -------------------
2023-03-01 10:46:00.031 INFO   -com.challenge.config.ConfigPage.setup(ConfigPage.java:27) com.challenge.config.ConfigPage - Start Configuration
2023-03-01 10:46:05.064 INFO   -com.challenge.process.CreatePetProcess.sendPost(CreatePetProcess.java:37) com.challenge.process.CreatePetProcess - Response Post: {"id":3727,"category":{"id":0,"name":"dogs"},"name":"doggie","photoUrls":["string"],"tags":[{"id":0,"name":"dog"}],"status":"available"}
2023-03-01 10:46:05.096 INFO   -com.challenge.process.CreatePetProcess.sendPost(CreatePetProcess.java:38) com.challenge.process.CreatePetProcess - Status Code and Schema Response OK
2023-03-01 10:46:05.351 INFO   -com.challenge.config.ConfigPage.setup(ConfigPage.java:26) com.challenge.config.ConfigPage - -------------------
2023-03-01 10:46:05.355 INFO   -com.challenge.config.ConfigPage.setup(ConfigPage.java:27) com.challenge.config.ConfigPage - Start Configuration
2023-03-01 10:46:06.497 INFO   -com.challenge.process.GetPetProcess.getPet(GetPetProcess.java:37) com.challenge.process.GetPetProcess - Response Get: {"id":3727,"category":{"id":0,"name":"dogs"},"name":"doggie","photoUrls":["string"],"tags":[{"id":0,"name":"dog"}],"status":"available"}
2023-03-01 10:46:06.497 INFO   -com.challenge.process.GetPetProcess.getPet(GetPetProcess.java:38) com.challenge.process.GetPetProcess - Status Code and Schema Response OK
2023-03-01 10:46:06.637 INFO   -com.challenge.config.ConfigPage.setup(ConfigPage.java:26) com.challenge.config.ConfigPage - -------------------
2023-03-01 10:46:06.638 INFO   -com.challenge.config.ConfigPage.setup(ConfigPage.java:27) com.challenge.config.ConfigPage - Start Configuration
2023-03-01 10:46:07.758 INFO   -com.challenge.process.UpdatePetProcess.sendPut(UpdatePetProcess.java:37) com.challenge.process.UpdatePetProcess - Response Update: {"id":3727,"category":{"id":0,"name":"doggy"},"name":"puppy","photoUrls":["string"],"tags":[{"id":0,"name":"doggy"}],"status":"available"}
2023-03-01 10:46:07.759 INFO   -com.challenge.process.UpdatePetProcess.sendPut(UpdatePetProcess.java:38) com.challenge.process.UpdatePetProcess - Status Code and Schema Response OK
